<?xml version="1.0" encoding="UTF-8"?>
<!-- Generated by org.testng.reporters.JUnitXMLReporter -->
<testsuite ignored="0" hostname="DESKTOP-C285B18" failures="1" tests="12" name="Test" time="151.341" errors="0" timestamp="2022-02-20T21:50:48 IST">
  <testcase classname="com.selenium.project4.TestCase1" name="TestCaseDataProvider" time="17.499"/>
  <testcase classname="com.selenium.project4.TestCase1" name="TestCase1" time="44.882"/>
  <testcase classname="com.selenium.project4.TestCase1" name="Case2" time="1.222"/>
  <testcase classname="com.selenium.project4.Airline" name="airline" time="35.461"/>
  <testcase classname="com.selenium.project4.Airline" name="nonstop" time="3.473"/>
  <testcase classname="com.selenium.project4.Airline" name="price" time="0.054"/>
  <testcase classname="com.selenium.project4.Airline" name="amount" time="0.031"/>
  <testcase classname="com.selenium.project4.Airline" name="capture" time="3.351"/>
  <testcase classname="com.selenium.project4.Airline" name="book" time="1.221"/>
  <testcase classname="com.selenium.project4.Airline" name="clickOnContinue" time="3.039"/>
  <testcase classname="com.selenium.project4.FlipkartTestng" name="flipkart" time="18.75"/>
  <testcase classname="com.selenium.project4.FlipkartTestng" name="price" time="3.769">
    <failure type="org.openqa.selenium.NoSuchElementException" message="no such element: Unable to locate element: {&amp;quot;method&amp;quot;:&amp;quot;xpath&amp;quot;,&amp;quot;selector&amp;quot;:&amp;quot;//span[contains(text(),&amp;apos;₹21,499&amp;apos;)] &amp;quot;}
  (Session info: MicrosoftEdge=98.0.1108.56)
For documentation on this error, please visit: https://selenium.dev/exceptions/#no_such_element
Build info: version: &amp;apos;4.1.2&amp;apos;, revision: &amp;apos;9a5a329c5a&amp;apos;
System info: host: &amp;apos;DESKTOP-C285B18&amp;apos;, ip: &amp;apos;192.168.1.102&amp;apos;, os.name: &amp;apos;Windows 10&amp;apos;, os.arch: &amp;apos;amd64&amp;apos;, os.version: &amp;apos;10.0&amp;apos;, java.version: &amp;apos;11.0.13&amp;apos;
Driver info: org.openqa.selenium.edge.EdgeDriver
Command: [3474941b0ef2a6dbbaf07352ca4fe6df, findElement {using=xpath, value=//span[contains(text(),&amp;apos;₹21,499&amp;apos;)] }]
Capabilities {acceptInsecureCerts: false, browserName: msedge, browserVersion: 98.0.1108.56, javascriptEnabled: true, ms:edgeOptions: {debuggerAddress: localhost:60857}, msedge: {msedgedriverVersion: 98.0.1108.55 (8e8d1f96aad47..., userDataDir: C:\Users\SANDHI~1\AppData\L...}, networkConnectionEnabled: false, pageLoadStrategy: normal, platform: WINDOWS, platformName: WINDOWS, proxy: Proxy(), se:cdp: ws://localhost:60857/devtoo..., se:cdpVersion: 98.0.1108.56, setWindowRect: true, strictFileInteractability: false, timeouts: {implicit: 0, pageLoad: 300000, script: 30000}, unhandledPromptBehavior: dismiss and notify, webauthn:extension:credBlob: true, webauthn:extension:largeBlob: true, webauthn:virtualAuthenticators: true}
Session ID: 3474941b0ef2a6dbbaf07352ca4fe6df">
      <![CDATA[org.openqa.selenium.NoSuchElementException: no such element: Unable to locate element: {"method":"xpath","selector":"//span[contains(text(),'₹21,499')] "}
  (Session info: MicrosoftEdge=98.0.1108.56)
For documentation on this error, please visit: https://selenium.dev/exceptions/#no_such_element
Build info: version: '4.1.2', revision: '9a5a329c5a'
System info: host: 'DESKTOP-C285B18', ip: '192.168.1.102', os.name: 'Windows 10', os.arch: 'amd64', os.version: '10.0', java.version: '11.0.13'
Driver info: org.openqa.selenium.edge.EdgeDriver
Command: [3474941b0ef2a6dbbaf07352ca4fe6df, findElement {using=xpath, value=//span[contains(text(),'₹21,499')] }]
Capabilities {acceptInsecureCerts: false, browserName: msedge, browserVersion: 98.0.1108.56, javascriptEnabled: true, ms:edgeOptions: {debuggerAddress: localhost:60857}, msedge: {msedgedriverVersion: 98.0.1108.55 (8e8d1f96aad47..., userDataDir: C:\Users\SANDHI~1\AppData\L...}, networkConnectionEnabled: false, pageLoadStrategy: normal, platform: WINDOWS, platformName: WINDOWS, proxy: Proxy(), se:cdp: ws://localhost:60857/devtoo..., se:cdpVersion: 98.0.1108.56, setWindowRect: true, strictFileInteractability: false, timeouts: {implicit: 0, pageLoad: 300000, script: 30000}, unhandledPromptBehavior: dismiss and notify, webauthn:extension:credBlob: true, webauthn:extension:largeBlob: true, webauthn:virtualAuthenticators: true}
Session ID: 3474941b0ef2a6dbbaf07352ca4fe6df
at org.openqa.selenium.remote.codec.w3c.W3CHttpResponseCodec.createException(W3CHttpResponseCodec.java:200)
at org.openqa.selenium.remote.codec.w3c.W3CHttpResponseCodec.decode(W3CHttpResponseCodec.java:133)
at org.openqa.selenium.remote.codec.w3c.W3CHttpResponseCodec.decode(W3CHttpResponseCodec.java:53)
at org.openqa.selenium.remote.HttpCommandExecutor.execute(HttpCommandExecutor.java:184)
at org.openqa.selenium.remote.service.DriverCommandExecutor.invokeExecute(DriverCommandExecutor.java:167)
at org.openqa.selenium.remote.service.DriverCommandExecutor.execute(DriverCommandExecutor.java:142)
at org.openqa.selenium.remote.RemoteWebDriver.execute(RemoteWebDriver.java:558)
at org.openqa.selenium.remote.ElementLocation$ElementFinder$2.findElement(ElementLocation.java:162)
at org.openqa.selenium.remote.ElementLocation.findElement(ElementLocation.java:60)
at org.openqa.selenium.remote.RemoteWebDriver.findElement(RemoteWebDriver.java:382)
at org.openqa.selenium.remote.RemoteWebDriver.findElement(RemoteWebDriver.java:374)
at com.selenium.project4.FlipkartTestng.price(FlipkartTestng.java:119)
at java.base/java.util.ArrayList.forEach(ArrayList.java:1541)
... Removed 31 stack frames]]>
    </failure>
  </testcase> <!-- price -->
</testsuite> <!-- Test -->
